make all --print-data-base --no-builtin-variables --no-builtin-rules --question
# GNU Make 3.81
# Copyright (C) 2006  Free Software Foundation, Inc.
# This is free software; see the source for copying conditions.
# There is NO warranty; not even for MERCHANTABILITY or FITNESS FOR A
# PARTICULAR PURPOSE.

# This program built for i386-apple-darwin11.3.0
 

# Make data base, printed on Tue Dec 14 14:59:09 2021

# Variables

# automatic
<D = $(patsubst %/,%,$(dir $<))
# automatic
?F = $(notdir $?)
# makefile (from `Makefile', line 9)
OBJ = $(SRCS:.c=.o)
# environment
VSCODE_LOG_NATIVE = false
# automatic
?D = $(patsubst %/,%,$(dir $?))
# automatic
@D = $(patsubst %/,%,$(dir $@))
# automatic
@F = $(notdir $@)
# makefile
CURDIR := /Users/jmaryett/Desktop/philosophers
# makefile
SHELL = /bin/sh
# environment
VSCODE_NLS_CONFIG = {"locale":"en-us","availableLanguages":{},"_languagePackSupport":true}
# environment
_ = /usr/bin/make
# makefile (from `Makefile', line 1)
MAKEFILE_LIST :=  Makefile
# environment
VSCODE_VERBOSE_LOGGING = true
# environment
VSCODE_IPC_HOOK_EXTHOST = /var/folders/zz/zyxvpxvq6csfxvn_n003vkv400ywps/T/vscode-ipc-a0561543-d415-4b49-8fa6-cb7d153125b1.sock
# environment
VSCODE_CWD = /
# environment
Apple_PubSub_Socket_Render = /private/tmp/com.apple.launchd.nzRhuWwZGW/Render
# environment
PATH = /usr/local/bin:/usr/bin:/bin:/usr/sbin:/sbin:/usr/local/share/dotnet:/usr/local/munki:~/.dotnet/tools:/Library/Frameworks/Mono.framework/Versions/Current/Commands
# environment
VSCODE_LOG_STACK = false
# environment
ELECTRON_RUN_AS_NODE = 1
# default
.FEATURES := target-specific order-only second-expansion else-if archives jobserver check-symlink
# environment
SSH_AUTH_SOCK = /private/tmp/com.apple.launchd.1rnViopcBi/Listeners
# automatic
%F = $(notdir $%)
# environment
VSCODE_PIPE_LOGGING = true
# environment
PWD = /Users/jmaryett/Desktop/philosophers
# environment
ORIGINAL_XDG_CURRENT_DESKTOP = undefined
# environment
VSCODE_AMD_ENTRYPOINT = vs/workbench/services/extensions/node/extensionHostProcess
# environment
HOME = /Users/jmaryett
# default
MAKEFILEPATH := /Applications/Xcode.app/Contents/Developer/Makefiles
# environment
VSCODE_CODE_CACHE_PATH = /Users/jmaryett/Library/Application Support/Code/CachedData/e7d7e9a9348e6a8cc8c03f877d39cb72e5dfb1ff
# environment
LOGNAME = jmaryett
# environment
APPLICATION_INSIGHTS_NO_DIAGNOSTIC_CHANNEL = true
# environment
VSCODE_HANDLES_UNCAUGHT_ERRORS = true
# automatic
^D = $(patsubst %/,%,$(dir $^))
# environment
XPC_FLAGS = 0x0
# default
MAKE = $(MAKE_COMMAND)
# default
MAKECMDGOALS := all
# makefile (from `Makefile', line 7)
SRCS = $(patsubst %, ./%.c, $(FILES))
# environment
SHLVL = 1
# default
MAKE_VERSION := 3.81
# environment
USER = jmaryett
# makefile
.DEFAULT_GOAL := all
# makefile (from `Makefile', line 1)
NAME = philo
# automatic
%D = $(patsubst %/,%,$(dir $%))
# default
MAKE_COMMAND := /Applications/Xcode.app/Contents/Developer/usr/bin/make
# default
.VARIABLES := 
# environment
TMPDIR = /var/folders/zz/zyxvpxvq6csfxvn_n003vkv400ywps/T/
# automatic
*F = $(notdir $*)
# environment
VSCODE_IPC_HOOK = /Users/jmaryett/Library/Application Support/Code/1.60.0-main.sock
# makefile
MAKEFLAGS = Rrqp
# environment
MFLAGS = -Rrqp
# automatic
*D = $(patsubst %/,%,$(dir $*))
# environment
XPC_SERVICE_NAME = com.microsoft.VSCode.1252
# automatic
+D = $(patsubst %/,%,$(dir $+))
# automatic
+F = $(notdir $+)
# environment
__CF_USER_TEXT_ENCODING = 0xF72D9:0x0:0x0
# default
MAKEFILES := 
# automatic
<F = $(notdir $<)
# environment
LC_ALL = C
# makefile (from `Makefile', line 11)
HEADER = philos.h
# automatic
^F = $(notdir $^)
# default
SUFFIXES := 
# makefile (from `Makefile', line 3)
FLAGS = -Wall -Wextra -Werror -g
# default
.INCLUDE_DIRS = /usr/local/include
# environment
MAKELEVEL := 0
# environment
LANG = C
# environment
VSCODE_PID = 79252
# makefile (from `Makefile', line 5)
FILES = 1_main 2_check_valid 3_init_input 4_set_philos 5_creating_threads 6_eat_sleep_think 7_get_time errors utils
# variable set hash-table stats:
# Load=67/1024=7%, Rehash=0, Collisions=3/101=3%

# Pattern-specific Variable Values

# No pattern-specific variable values.

# Directories

# . (device 16777227, inode 534826): 26 files, no impossibilities.

# 26 files, no impossibilities in 1 directories.

# Implicit Rules

%.o: %.c philos.h
#  commands to execute (from `Makefile', line 16):
	gcc $(FLAGS) $< -c -o $(<:.c=.o)
	

# 1 implicit rules, 0 (0.0%) terminal.

# Files

# Not a target:
7_get_time.c:
#  Implicit rule search has been done.
#  Last modified 2021-12-14 14:21:40
#  File has been updated.
#  Successfully updated.
# variable set hash-table stats:
# Load=0/32=0%, Rehash=0, Collisions=0/0=0%

all: philo
#  Command-line target.
#  Implicit rule search has been done.
#  File does not exist.
#  File has been updated.
#  Successfully updated.
# variable set hash-table stats:
# Load=0/32=0%, Rehash=0, Collisions=0/0=0%

philo: 1_main.o 2_check_valid.o 3_init_input.o 4_set_philos.o 5_creating_threads.o 6_eat_sleep_think.o 7_get_time.o errors.o utils.o philos.h
#  Implicit rule search has not been done.
#  Last modified 2021-12-14 14:56:47
#  File has been updated.
#  Successfully updated.
# variable set hash-table stats:
# Load=0/32=0%, Rehash=0, Collisions=0/0=0%
#  commands to execute (from `Makefile', line 21):
	gcc -g -o $(NAME) $(OBJ)
	

# Not a target:
utils.c:
#  Implicit rule search has been done.
#  Last modified 2021-12-14 14:21:40
#  File has been updated.
#  Successfully updated.
# variable set hash-table stats:
# Load=0/32=0%, Rehash=0, Collisions=0/0=0%

# Not a target:
1_main.c:
#  Implicit rule search has been done.
#  Last modified 2021-12-14 14:49:29
#  File has been updated.
#  Successfully updated.
# variable set hash-table stats:
# Load=0/32=0%, Rehash=0, Collisions=0/0=0%

3_init_input.o: 3_init_input.c philos.h
#  Implicit rule search has been done.
#  Implicit/static pattern stem: `3_init_input'
#  Last modified 2021-12-14 14:56:47
#  File has been updated.
#  Successfully updated.
# variable set hash-table stats:
# Load=0/32=0%, Rehash=0, Collisions=0/0=0%
#  commands to execute (from `Makefile', line 16):
	gcc $(FLAGS) $< -c -o $(<:.c=.o)
	

5_creating_threads.o: 5_creating_threads.c philos.h
#  Implicit rule search has been done.
#  Implicit/static pattern stem: `5_creating_threads'
#  Last modified 2021-12-14 14:56:47
#  File has been updated.
#  Successfully updated.
# variable set hash-table stats:
# Load=0/32=0%, Rehash=0, Collisions=0/0=0%
#  commands to execute (from `Makefile', line 16):
	gcc $(FLAGS) $< -c -o $(<:.c=.o)
	

# Not a target:
.SUFFIXES:
#  Implicit rule search has not been done.
#  Modification time never checked.
#  File has not been updated.

errors.o: errors.c philos.h
#  Implicit rule search has been done.
#  Implicit/static pattern stem: `errors'
#  Last modified 2021-12-14 14:56:47
#  File has been updated.
#  Successfully updated.
# variable set hash-table stats:
# Load=0/32=0%, Rehash=0, Collisions=0/0=0%
#  commands to execute (from `Makefile', line 16):
	gcc $(FLAGS) $< -c -o $(<:.c=.o)
	

# Not a target:
Makefile:
#  Implicit rule search has been done.
#  Last modified 2021-12-14 14:52:32
#  File has been updated.
#  Successfully updated.
# variable set hash-table stats:
# Load=0/32=0%, Rehash=0, Collisions=0/0=0%

# Not a target:
4_set_philos.c:
#  Implicit rule search has been done.
#  Last modified 2021-12-14 14:21:40
#  File has been updated.
#  Successfully updated.
# variable set hash-table stats:
# Load=0/32=0%, Rehash=0, Collisions=0/0=0%

2_check_valid.o: 2_check_valid.c philos.h
#  Implicit rule search has been done.
#  Implicit/static pattern stem: `2_check_valid'
#  Last modified 2021-12-14 14:56:47
#  File has been updated.
#  Successfully updated.
# variable set hash-table stats:
# Load=0/32=0%, Rehash=0, Collisions=0/0=0%
#  commands to execute (from `Makefile', line 16):
	gcc $(FLAGS) $< -c -o $(<:.c=.o)
	

# Not a target:
philos.h:
#  Implicit rule search has been done.
#  Last modified 2021-12-14 14:21:40
#  File has been updated.
#  Successfully updated.
# variable set hash-table stats:
# Load=0/32=0%, Rehash=0, Collisions=0/0=0%

fclean: clean
#  Implicit rule search has not been done.
#  Modification time never checked.
#  File has not been updated.
#  commands to execute (from `Makefile', line 30):
	rm -f $(NAME)
	

# Not a target:
3_init_input.c:
#  Implicit rule search has been done.
#  Last modified 2021-12-14 14:21:40
#  File has been updated.
#  Successfully updated.
 
# variable set hash-table stats:
# Load=0/32=0%, Rehash=0, Collisions=0/0=0%

norm: 1_main.c 2_check_valid.c 3_init_input.c 4_set_philos.c 5_creating_threads.c 6_eat_sleep_think.c 7_get_time.c errors.c utils.c philos.h
#  Implicit rule search has not been done.
#  Modification time never checked.
#  File has not been updated.
#  commands to execute (from `Makefile', line 24):
	norminette $(SRCS) $(HEADER)
	

# Not a target:
5_creating_threads.c:
#  Implicit rule search has been done.
#  Last modified 2021-12-14 14:21:40
#  File has been updated.
#  Successfully updated.
# variable set hash-table stats:
# Load=0/32=0%, Rehash=0, Collisions=0/0=0%

# Not a target:
.DEFAULT:
#  Implicit rule search has not been done.
#  Modification time never checked.
#  File has not been updated.

# Not a target:
errors.c:
#  Implicit rule search has been done.
#  Last modified 2021-12-14 14:41:01
#  File has been updated.
#  Successfully updated.
# variable set hash-table stats:
# Load=0/32=0%, Rehash=0, Collisions=0/0=0%

6_eat_sleep_think.o: 6_eat_sleep_think.c philos.h
#  Implicit rule search has been done.
#  Implicit/static pattern stem: `6_eat_sleep_think'
#  Last modified 2021-12-14 14:56:47
#  File has been updated.
#  Successfully updated.
# variable set hash-table stats:
# Load=0/32=0%, Rehash=0, Collisions=0/0=0%
#  commands to execute (from `Makefile', line 16):
	gcc $(FLAGS) $< -c -o $(<:.c=.o)
	

re: fclean all
#  Implicit rule search has not been done.
#  Modification time never checked.
#  File has not been updated.

7_get_time.o: 7_get_time.c philos.h
#  Implicit rule search has been done.
#  Implicit/static pattern stem: `7_get_time'
#  Last modified 2021-12-14 14:56:47
#  File has been updated.
#  Successfully updated.
# variable set hash-table stats:
# Load=0/32=0%, Rehash=0, Collisions=0/0=0%
#  commands to execute (from `Makefile', line 16):
	gcc $(FLAGS) $< -c -o $(<:.c=.o)
	

clean:
#  Implicit rule search has not been done.
#  Modification time never checked.
#  File has not been updated.
#  commands to execute (from `Makefile', line 27):
	rm -f $(OBJ)
	

utils.o: utils.c philos.h
#  Implicit rule search has been done.
#  Implicit/static pattern stem: `utils'
#  Last modified 2021-12-14 14:56:47
#  File has been updated.
#  Successfully updated.
# variable set hash-table stats:
# Load=0/32=0%, Rehash=0, Collisions=0/0=0%
#  commands to execute (from `Makefile', line 16):
	gcc $(FLAGS) $< -c -o $(<:.c=.o)
	

# Not a target:
2_check_valid.c:
#  Implicit rule search has been done.
#  Last modified 2021-12-14 14:21:40
#  File has been updated.
#  Successfully updated.
# variable set hash-table stats:
# Load=0/32=0%, Rehash=0, Collisions=0/0=0%

1_main.o: 1_main.c philos.h
#  Implicit rule search has been done.
#  Implicit/static pattern stem: `1_main'
#  Last modified 2021-12-14 14:56:46
#  File has been updated.
#  Successfully updated.
# variable set hash-table stats:
# Load=0/32=0%, Rehash=0, Collisions=0/0=0%
#  commands to execute (from `Makefile', line 16):
	gcc $(FLAGS) $< -c -o $(<:.c=.o)
	

4_set_philos.o: 4_set_philos.c philos.h
#  Implicit rule search has been done.
#  Implicit/static pattern stem: `4_set_philos'
#  Last modified 2021-12-14 14:56:47
#  File has been updated.
#  Successfully updated.
# variable set hash-table stats:
# Load=0/32=0%, Rehash=0, Collisions=0/0=0%
#  commands to execute (from `Makefile', line 16):
	gcc $(FLAGS) $< -c -o $(<:.c=.o)
	

# Not a target:
6_eat_sleep_think.c:
#  Implicit rule search has been done.
#  Last modified 2021-12-14 14:21:40
#  File has been updated.
#  Successfully updated.
# variable set hash-table stats:
# Load=0/32=0%, Rehash=0, Collisions=0/0=0%

# files hash-table stats:
# Load=28/1024=3%, Rehash=0, Collisions=11/110=10%
# VPATH Search Paths

# No `vpath' search paths.

# No general (`VPATH' variable) search path.

# # of strings in strcache: 1
# # of strcache buffers: 1
# strcache size: total = 4096 / max = 4096 / min = 4096 / avg = 4096
# strcache free: total = 4087 / max = 4087 / min = 4087 / avg = 4087

# Finished Make data base on Tue Dec 14 14:59:09 2021

 
